<?xml version="1.0" encoding="UTF-8"?>
<testng-results skipped="0" failed="0" total="0" passed="0">
  <reporter-output>
  </reporter-output>
  <suite name="flipkart Suite" duration-ms="63" started-at="2018-09-12T17:21:54Z" finished-at="2018-09-12T17:21:54Z">
    <groups>
    </groups>
    <test name="FlipkartSmokeTesting" duration-ms="63" started-at="2018-09-12T17:21:54Z" finished-at="2018-09-12T17:21:54Z">
    </test> <!-- FlipkartSmokeTesting -->
  </suite> <!-- flipkart Suite -->
</testng-results>
